Arguments: 
  /Users/xiaofan/.nvm/versions/node/v12.16.2/bin/node /usr/local/Cellar/yarn/1.22.4/libexec/bin/yarn.js add webpack -d

PATH: 
  /Users/xiaofan/.nvm/versions/node/v12.16.2/bin:/usr/local/bin:/usr/bin:/bin:/usr/sbin:/sbin:/Applications/VMware Fusion.app/Contents/Public:/Users/xiaofan/.nvm/versions/node/v12.16.2/bin

Yarn version: 
  1.22.4

Node version: 
  12.16.2

Platform: 
  darwin x64

Trace: 
  Error: certificate has expired
      at TLSSocket.onConnectSecure (_tls_wrap.js:1474:34)
      at TLSSocket.emit (events.js:310:20)
      at TLSSocket._finishInit (_tls_wrap.js:917:8)
      at TLSWrap.ssl.onhandshakedone (_tls_wrap.js:687:12)

npm manifest: 
  {
    "name": "learnWebpack",
    "version": "1.0.0",
    "description": "",
    "main": "index.js",
    "scripts": {
      "test": "echo \"Error: no test specified\" && exit 1",
  	"build": "webpack"
    },
    "keywords": [],
    "author": "",
    "license": "ISC",
    "devDependencies": {
      "webpack": "^4.43.0",
      "webpack-cli": "^3.3.11"
    },
    "dependencies": {
      "lodash": "^4.17.15"
    }
  }

yarn manifest: 
  No manifest

Lockfile: 
  No lockfile
